2023-05-09 15:00:00,754 [.NET ThreadPool Worker] INFO  Microsoft.AspNetCore.Hosting.Diagnostics - Request finished HTTP/2 GET https://localhost:44376/swagger/v1/swagger.json - - - 200 - application/json;+charset=utf-8 1451.2341ms
2023-05-09 15:00:13,727 [.NET ThreadPool Worker] INFO  Microsoft.AspNetCore.Hosting.Diagnostics - Request starting HTTP/2 GET https://localhost:44376/swagger/index.html - -
2023-05-09 15:00:13,748 [6] INFO  Microsoft.AspNetCore.Hosting.Diagnostics - Request finished HTTP/2 GET https://localhost:44376/swagger/index.html - - - 200 - text/html;+charset=utf-8 21.0746ms
2023-05-09 15:00:13,771 [.NET ThreadPool Worker] INFO  Microsoft.AspNetCore.Hosting.Diagnostics - Request starting HTTP/2 GET https://localhost:44376/_vs/browserLink - -
2023-05-09 15:00:13,785 [.NET ThreadPool Worker] INFO  Microsoft.AspNetCore.Hosting.Diagnostics - Request starting HTTP/2 GET https://localhost:44376/_framework/aspnetcore-browser-refresh.js - -
2023-05-09 15:00:13,793 [.NET ThreadPool Worker] INFO  Microsoft.AspNetCore.Hosting.Diagnostics - Request finished HTTP/2 GET https://localhost:44376/_framework/aspnetcore-browser-refresh.js - - - 200 11996 application/javascript;+charset=utf-8 8.9596ms
2023-05-09 15:00:13,820 [.NET ThreadPool Worker] INFO  Microsoft.AspNetCore.Hosting.Diagnostics - Request finished HTTP/2 GET https://localhost:44376/_vs/browserLink - - - 200 - text/javascript;+charset=UTF-8 48.1956ms
2023-05-09 15:00:13,983 [.NET ThreadPool Worker] INFO  Microsoft.AspNetCore.Hosting.Diagnostics - Request starting HTTP/2 GET https://localhost:44376/swagger/v1/swagger.json - -
2023-05-09 15:00:14,007 [.NET ThreadPool Worker] INFO  Microsoft.AspNetCore.Hosting.Diagnostics - Request finished HTTP/2 GET https://localhost:44376/swagger/v1/swagger.json - - - 200 - application/json;+charset=utf-8 20.3145ms
2023-05-09 15:00:26,091 [.NET ThreadPool Worker] INFO  Microsoft.AspNetCore.Hosting.Diagnostics - Request starting HTTP/2 GET https://localhost:44376/api/Query/TEST - -
2023-05-09 15:00:26,178 [.NET ThreadPool Worker] INFO  Microsoft.AspNetCore.Mvc.Infrastructure.ControllerActionInvoker - Route matched with {action = "Test", controller = "Events"}. Executing controller action with signature Microsoft.AspNetCore.Mvc.ActionResult Test() on controller DemoSatva.API.Controllers.EventsController (DemoSatva.API).
2023-05-09 15:00:35,523 [.NET ThreadPool Worker] INFO  Microsoft.AspNetCore.Mvc.Infrastructure.ObjectResultExecutor - Executing ObjectResult, writing value of type 'DemoSatva.Utility.APIResponse'.
2023-05-09 15:00:35,555 [.NET ThreadPool Worker] INFO  Microsoft.AspNetCore.Mvc.Infrastructure.ControllerActionInvoker - Executed action DemoSatva.API.Controllers.EventsController.Test (DemoSatva.API) in 9362.3364ms
2023-05-09 15:00:35,567 [.NET ThreadPool Worker] INFO  Microsoft.AspNetCore.Hosting.Diagnostics - Request finished HTTP/2 GET https://localhost:44376/api/Query/TEST - - - 500 - application/json;+charset=utf-8 9483.5811ms
2023-05-09 15:00:42,674 [.NET ThreadPool Worker] INFO  Microsoft.AspNetCore.Hosting.Diagnostics - Request starting HTTP/2 GET https://localhost:44376/swagger/index.html - -
2023-05-09 15:00:42,693 [.NET ThreadPool Worker] INFO  Microsoft.AspNetCore.Hosting.Diagnostics - Request finished HTTP/2 GET https://localhost:44376/swagger/index.html - - - 200 - text/html;+charset=utf-8 21.1405ms
2023-05-09 15:00:42,723 [.NET ThreadPool Worker] INFO  Microsoft.AspNetCore.Hosting.Diagnostics - Request starting HTTP/2 GET https://localhost:44376/_vs/browserLink - -
2023-05-09 15:00:42,730 [.NET ThreadPool Worker] INFO  Microsoft.AspNetCore.Hosting.Diagnostics - Request starting HTTP/2 GET https://localhost:44376/_framework/aspnetcore-browser-refresh.js - -
2023-05-09 15:00:42,739 [.NET ThreadPool Worker] INFO  Microsoft.AspNetCore.Hosting.Diagnostics - Request finished HTTP/2 GET https://localhost:44376/_framework/aspnetcore-browser-refresh.js - - - 200 11996 application/javascript;+charset=utf-8 11.0381ms
2023-05-09 15:00:42,787 [.NET ThreadPool Worker] INFO  Microsoft.AspNetCore.Hosting.Diagnostics - Request finished HTTP/2 GET https://localhost:44376/_vs/browserLink - - - 200 - text/javascript;+charset=UTF-8 65.5474ms
2023-05-09 15:00:43,020 [.NET ThreadPool Worker] INFO  Microsoft.AspNetCore.Hosting.Diagnostics - Request starting HTTP/2 GET https://localhost:44376/swagger/v1/swagger.json - -
2023-05-09 15:00:43,044 [.NET ThreadPool Worker] INFO  Microsoft.AspNetCore.Hosting.Diagnostics - Request finished HTTP/2 GET https://localhost:44376/swagger/v1/swagger.json - - - 200 - application/json;+charset=utf-8 23.6574ms
2023-05-09 15:00:48,434 [.NET ThreadPool Worker] INFO  Microsoft.AspNetCore.Hosting.Diagnostics - Request starting HTTP/2 GET https://localhost:44376/api/Query/TEST - -
2023-05-09 15:00:48,456 [.NET ThreadPool Worker] INFO  Microsoft.AspNetCore.Mvc.Infrastructure.ControllerActionInvoker - Route matched with {action = "Test", controller = "Events"}. Executing controller action with signature Microsoft.AspNetCore.Mvc.ActionResult Test() on controller DemoSatva.API.Controllers.EventsController (DemoSatva.API).
2023-05-09 15:00:57,710 [.NET ThreadPool Worker] INFO  Microsoft.AspNetCore.Mvc.Infrastructure.ObjectResultExecutor - Executing OkObjectResult, writing value of type 'null'.
2023-05-09 15:00:57,719 [.NET ThreadPool Worker] INFO  Microsoft.AspNetCore.Mvc.Infrastructure.ControllerActionInvoker - Executed action DemoSatva.API.Controllers.EventsController.Test (DemoSatva.API) in 9245.4976ms
2023-05-09 15:00:57,725 [.NET ThreadPool Worker] INFO  Microsoft.AspNetCore.Hosting.Diagnostics - Request finished HTTP/2 GET https://localhost:44376/api/Query/TEST - - - 204 0 - 9291.5285ms
