2023-05-10 16:55:16,844 [1] INFO  Microsoft.AspNetCore.DataProtection.KeyManagement.XmlKeyManager - User profile is available. Using 'C:\Users\chint\AppData\Local\ASP.NET\DataProtection-Keys' as key repository and Windows DPAPI to encrypt keys at rest.
2023-05-10 16:55:16,954 [.NET ThreadPool Worker] INFO  Microsoft.AspNetCore.Hosting.Diagnostics - Request starting HTTP/2 GET https://localhost:44376/swagger - -
2023-05-10 16:55:17,128 [.NET ThreadPool Worker] INFO  Microsoft.AspNetCore.Hosting.Diagnostics - Request starting HTTP/2 GET https://localhost:44376/swagger/index.html - -
2023-05-10 16:55:17,178 [.NET ThreadPool Worker] INFO  Microsoft.AspNetCore.Hosting.Diagnostics - Request finished HTTP/2 GET https://localhost:44376/swagger - - - 302 - - 210.9454ms
2023-05-10 16:55:17,484 [7] INFO  Microsoft.AspNetCore.Hosting.Diagnostics - Request finished HTTP/2 GET https://localhost:44376/swagger/index.html - - - 200 - text/html;+charset=utf-8 355.1128ms
2023-05-10 16:55:17,498 [.NET ThreadPool Worker] INFO  Microsoft.AspNetCore.Hosting.Diagnostics - Request starting HTTP/2 GET https://localhost:44376/_framework/aspnetcore-browser-refresh.js - -
2023-05-10 16:55:17,511 [.NET ThreadPool Worker] INFO  Microsoft.AspNetCore.Hosting.Diagnostics - Request starting HTTP/2 GET https://localhost:44376/_vs/browserLink - -
2023-05-10 16:55:17,513 [.NET ThreadPool Worker] INFO  Microsoft.AspNetCore.Hosting.Diagnostics - Request finished HTTP/2 GET https://localhost:44376/_framework/aspnetcore-browser-refresh.js - - - 200 11996 application/javascript;+charset=utf-8 12.3377ms
2023-05-10 16:55:17,560 [.NET ThreadPool Worker] INFO  Microsoft.AspNetCore.Hosting.Diagnostics - Request finished HTTP/2 GET https://localhost:44376/_vs/browserLink - - - 200 - text/javascript;+charset=UTF-8 48.9641ms
2023-05-10 16:55:17,678 [.NET ThreadPool Worker] INFO  Microsoft.AspNetCore.Hosting.Diagnostics - Request starting HTTP/2 GET https://localhost:44376/swagger/v1/swagger.json - -
2023-05-10 16:55:18,300 [.NET ThreadPool Worker] INFO  Microsoft.AspNetCore.Hosting.Diagnostics - Request finished HTTP/2 GET https://localhost:44376/swagger/v1/swagger.json - - - 200 - application/json;+charset=utf-8 620.5129ms
2023-05-10 16:55:50,356 [.NET ThreadPool Worker] INFO  Microsoft.AspNetCore.Hosting.Diagnostics - Request starting HTTP/2 GET https://localhost:44376/swagger/index.html - -
2023-05-10 16:55:50,395 [18] INFO  Microsoft.AspNetCore.Hosting.Diagnostics - Request finished HTTP/2 GET https://localhost:44376/swagger/index.html - - - 200 - text/html;+charset=utf-8 43.1918ms
2023-05-10 16:55:50,431 [.NET ThreadPool Worker] INFO  Microsoft.AspNetCore.Hosting.Diagnostics - Request starting HTTP/2 GET https://localhost:44376/_framework/aspnetcore-browser-refresh.js - -
2023-05-10 16:55:50,449 [.NET ThreadPool Worker] INFO  Microsoft.AspNetCore.Hosting.Diagnostics - Request starting HTTP/2 GET https://localhost:44376/_vs/browserLink - -
2023-05-10 16:55:50,455 [.NET ThreadPool Worker] INFO  Microsoft.AspNetCore.Hosting.Diagnostics - Request finished HTTP/2 GET https://localhost:44376/_framework/aspnetcore-browser-refresh.js - - - 200 11996 application/javascript;+charset=utf-8 23.6827ms
2023-05-10 16:55:50,496 [.NET ThreadPool Worker] INFO  Microsoft.AspNetCore.Hosting.Diagnostics - Request finished HTTP/2 GET https://localhost:44376/_vs/browserLink - - - 200 - text/javascript;+charset=UTF-8 63.0132ms
2023-05-10 16:55:50,598 [.NET ThreadPool Worker] INFO  Microsoft.AspNetCore.Hosting.Diagnostics - Request starting HTTP/2 GET https://localhost:44376/swagger/v1/swagger.json - -
2023-05-10 16:55:50,631 [.NET ThreadPool Worker] INFO  Microsoft.AspNetCore.Hosting.Diagnostics - Request finished HTTP/2 GET https://localhost:44376/swagger/v1/swagger.json - - - 200 - application/json;+charset=utf-8 31.1023ms
2023-05-10 16:55:59,561 [.NET ThreadPool Worker] INFO  Microsoft.AspNetCore.Hosting.Diagnostics - Request starting HTTP/2 GET https://localhost:44376/api/Query/TEST - -
2023-05-10 16:55:59,599 [.NET ThreadPool Worker] INFO  Microsoft.AspNetCore.Mvc.Infrastructure.ControllerActionInvoker - Route matched with {action = "Test", controller = "Events"}. Executing controller action with signature Microsoft.AspNetCore.Mvc.ActionResult Test() on controller DemoSatva.API.Controllers.EventsController (DemoSatva.API).
