2023-05-09 14:59:06,252 [1] INFO  Microsoft.AspNetCore.DataProtection.KeyManagement.XmlKeyManager - User profile is available. Using 'C:\Users\chint\AppData\Local\ASP.NET\DataProtection-Keys' as key repository and Windows DPAPI to encrypt keys at rest.
2023-05-09 14:59:06,438 [.NET ThreadPool Worker] INFO  Microsoft.AspNetCore.Hosting.Diagnostics - Request starting HTTP/2 GET https://localhost:44376/swagger - -
2023-05-09 14:59:06,671 [.NET ThreadPool Worker] INFO  Microsoft.AspNetCore.Hosting.Diagnostics - Request starting HTTP/2 GET https://localhost:44376/swagger/index.html - -
2023-05-09 14:59:06,740 [.NET ThreadPool Worker] INFO  Microsoft.AspNetCore.Hosting.Diagnostics - Request finished HTTP/2 GET https://localhost:44376/swagger - - - 302 - - 304.1690ms
2023-05-09 14:59:07,155 [6] INFO  Microsoft.AspNetCore.Hosting.Diagnostics - Request finished HTTP/2 GET https://localhost:44376/swagger/index.html - - - 200 - text/html;+charset=utf-8 485.4305ms
2023-05-09 14:59:07,172 [.NET ThreadPool Worker] INFO  Microsoft.AspNetCore.Hosting.Diagnostics - Request starting HTTP/2 GET https://localhost:44376/_framework/aspnetcore-browser-refresh.js - -
2023-05-09 14:59:07,184 [.NET ThreadPool Worker] INFO  Microsoft.AspNetCore.Hosting.Diagnostics - Request starting HTTP/2 GET https://localhost:44376/_vs/browserLink - -
2023-05-09 14:59:07,197 [.NET ThreadPool Worker] INFO  Microsoft.AspNetCore.Hosting.Diagnostics - Request finished HTTP/2 GET https://localhost:44376/_framework/aspnetcore-browser-refresh.js - - - 200 11996 application/javascript;+charset=utf-8 20.6725ms
2023-05-09 14:59:07,274 [.NET ThreadPool Worker] INFO  Microsoft.AspNetCore.Hosting.Diagnostics - Request finished HTTP/2 GET https://localhost:44376/_vs/browserLink - - - 200 - text/javascript;+charset=UTF-8 89.5368ms
2023-05-09 14:59:07,343 [.NET ThreadPool Worker] INFO  Microsoft.AspNetCore.Hosting.Diagnostics - Request starting HTTP/2 GET https://localhost:44376/swagger/v1/swagger.json - -
2023-05-09 14:59:08,603 [.NET ThreadPool Worker] INFO  Microsoft.AspNetCore.Hosting.Diagnostics - Request finished HTTP/2 GET https://localhost:44376/swagger/v1/swagger.json - - - 200 - application/json;+charset=utf-8 1258.3348ms
2023-05-09 14:59:20,638 [.NET ThreadPool Worker] INFO  Microsoft.AspNetCore.Hosting.Diagnostics - Request starting HTTP/2 GET https://localhost:44376/api/Query/TEST - -
2023-05-09 14:59:20,717 [.NET ThreadPool Worker] INFO  Microsoft.AspNetCore.Mvc.Infrastructure.ControllerActionInvoker - Route matched with {action = "Test", controller = "Events"}. Executing controller action with signature Microsoft.AspNetCore.Mvc.ActionResult Test() on controller DemoSatva.API.Controllers.EventsController (DemoSatva.API).
2023-05-09 14:59:57,984 [1] INFO  Microsoft.AspNetCore.DataProtection.KeyManagement.XmlKeyManager - User profile is available. Using 'C:\Users\chint\AppData\Local\ASP.NET\DataProtection-Keys' as key repository and Windows DPAPI to encrypt keys at rest.
2023-05-09 14:59:58,180 [.NET ThreadPool Worker] INFO  Microsoft.AspNetCore.Hosting.Diagnostics - Request starting HTTP/2 GET https://localhost:44376/swagger - -
2023-05-09 14:59:58,457 [.NET ThreadPool Worker] INFO  Microsoft.AspNetCore.Hosting.Diagnostics - Request starting HTTP/2 GET https://localhost:44376/swagger/index.html - -
2023-05-09 14:59:58,501 [.NET ThreadPool Worker] INFO  Microsoft.AspNetCore.Hosting.Diagnostics - Request finished HTTP/2 GET https://localhost:44376/swagger - - - 302 - - 290.7444ms
2023-05-09 14:59:59,008 [7] INFO  Microsoft.AspNetCore.Hosting.Diagnostics - Request finished HTTP/2 GET https://localhost:44376/swagger/index.html - - - 200 - text/html;+charset=utf-8 551.2703ms
2023-05-09 14:59:59,037 [.NET ThreadPool Worker] INFO  Microsoft.AspNetCore.Hosting.Diagnostics - Request starting HTTP/2 GET https://localhost:44376/_framework/aspnetcore-browser-refresh.js - -
2023-05-09 14:59:59,058 [.NET ThreadPool Worker] INFO  Microsoft.AspNetCore.Hosting.Diagnostics - Request finished HTTP/2 GET https://localhost:44376/_framework/aspnetcore-browser-refresh.js - - - 200 11996 application/javascript;+charset=utf-8 16.3696ms
2023-05-09 14:59:59,061 [.NET ThreadPool Worker] INFO  Microsoft.AspNetCore.Hosting.Diagnostics - Request starting HTTP/2 GET https://localhost:44376/_vs/browserLink - -
2023-05-09 14:59:59,161 [.NET ThreadPool Worker] INFO  Microsoft.AspNetCore.Hosting.Diagnostics - Request finished HTTP/2 GET https://localhost:44376/_vs/browserLink - - - 200 - text/javascript;+charset=UTF-8 101.7322ms
2023-05-09 14:59:59,301 [.NET ThreadPool Worker] INFO  Microsoft.AspNetCore.Hosting.Diagnostics - Request starting HTTP/2 GET https://localhost:44376/swagger/v1/swagger.json - -
