2023-05-10 17:13:15,992 [.NET ThreadPool Worker] INFO  Microsoft.AspNetCore.Hosting.Diagnostics - Request starting HTTP/2 GET https://localhost:44376/api/Query/TEST - -
2023-05-10 17:13:16,058 [.NET ThreadPool Worker] INFO  Microsoft.AspNetCore.Mvc.Infrastructure.ControllerActionInvoker - Route matched with {action = "Test", controller = "Events"}. Executing controller action with signature Microsoft.AspNetCore.Mvc.ActionResult Test() on controller DemoSatva.API.Controllers.EventsController (DemoSatva.API).
2023-05-10 17:13:38,750 [1] INFO  Microsoft.AspNetCore.DataProtection.KeyManagement.XmlKeyManager - User profile is available. Using 'C:\Users\chint\AppData\Local\ASP.NET\DataProtection-Keys' as key repository and Windows DPAPI to encrypt keys at rest.
2023-05-10 17:13:38,874 [.NET ThreadPool Worker] INFO  Microsoft.AspNetCore.Hosting.Diagnostics - Request starting HTTP/2 GET https://localhost:44376/swagger - -
2023-05-10 17:13:39,026 [.NET ThreadPool Worker] INFO  Microsoft.AspNetCore.Hosting.Diagnostics - Request starting HTTP/2 GET https://localhost:44376/swagger/index.html - -
2023-05-10 17:13:39,058 [.NET ThreadPool Worker] INFO  Microsoft.AspNetCore.Hosting.Diagnostics - Request finished HTTP/2 GET https://localhost:44376/swagger - - - 302 - - 162.1434ms
2023-05-10 17:13:39,354 [6] INFO  Microsoft.AspNetCore.Hosting.Diagnostics - Request finished HTTP/2 GET https://localhost:44376/swagger/index.html - - - 200 - text/html;+charset=utf-8 327.7334ms
2023-05-10 17:13:39,375 [.NET ThreadPool Worker] INFO  Microsoft.AspNetCore.Hosting.Diagnostics - Request starting HTTP/2 GET https://localhost:44376/_framework/aspnetcore-browser-refresh.js - -
2023-05-10 17:13:39,387 [.NET ThreadPool Worker] INFO  Microsoft.AspNetCore.Hosting.Diagnostics - Request starting HTTP/2 GET https://localhost:44376/_vs/browserLink - -
2023-05-10 17:13:39,397 [.NET ThreadPool Worker] INFO  Microsoft.AspNetCore.Hosting.Diagnostics - Request finished HTTP/2 GET https://localhost:44376/_framework/aspnetcore-browser-refresh.js - - - 200 11996 application/javascript;+charset=utf-8 18.9832ms
2023-05-10 17:13:39,443 [.NET ThreadPool Worker] INFO  Microsoft.AspNetCore.Hosting.Diagnostics - Request finished HTTP/2 GET https://localhost:44376/_vs/browserLink - - - 200 - text/javascript;+charset=UTF-8 57.3796ms
2023-05-10 17:13:39,565 [.NET ThreadPool Worker] INFO  Microsoft.AspNetCore.Hosting.Diagnostics - Request starting HTTP/2 GET https://localhost:44376/swagger/v1/swagger.json - -
2023-05-10 17:13:40,110 [.NET ThreadPool Worker] INFO  Microsoft.AspNetCore.Hosting.Diagnostics - Request finished HTTP/2 GET https://localhost:44376/swagger/v1/swagger.json - - - 200 - application/json;+charset=utf-8 541.8670ms
2023-05-10 17:13:47,112 [1] INFO  Microsoft.AspNetCore.DataProtection.KeyManagement.XmlKeyManager - User profile is available. Using 'C:\Users\chint\AppData\Local\ASP.NET\DataProtection-Keys' as key repository and Windows DPAPI to encrypt keys at rest.
2023-05-10 17:13:47,244 [.NET ThreadPool Worker] INFO  Microsoft.AspNetCore.Hosting.Diagnostics - Request starting HTTP/2 GET https://localhost:44376/swagger - -
2023-05-10 17:13:47,385 [.NET ThreadPool Worker] INFO  Microsoft.AspNetCore.Hosting.Diagnostics - Request starting HTTP/2 GET https://localhost:44376/swagger/index.html - -
2023-05-10 17:13:47,427 [.NET ThreadPool Worker] INFO  Microsoft.AspNetCore.Hosting.Diagnostics - Request finished HTTP/2 GET https://localhost:44376/swagger - - - 302 - - 183.9716ms
2023-05-10 17:13:47,684 [6] INFO  Microsoft.AspNetCore.Hosting.Diagnostics - Request finished HTTP/2 GET https://localhost:44376/swagger/index.html - - - 200 - text/html;+charset=utf-8 299.1003ms
2023-05-10 17:13:47,701 [.NET ThreadPool Worker] INFO  Microsoft.AspNetCore.Hosting.Diagnostics - Request starting HTTP/2 GET https://localhost:44376/_framework/aspnetcore-browser-refresh.js - -
2023-05-10 17:13:47,710 [.NET ThreadPool Worker] INFO  Microsoft.AspNetCore.Hosting.Diagnostics - Request starting HTTP/2 GET https://localhost:44376/_vs/browserLink - -
2023-05-10 17:13:47,723 [.NET ThreadPool Worker] INFO  Microsoft.AspNetCore.Hosting.Diagnostics - Request finished HTTP/2 GET https://localhost:44376/_framework/aspnetcore-browser-refresh.js - - - 200 11996 application/javascript;+charset=utf-8 20.6655ms
2023-05-10 17:13:47,757 [.NET ThreadPool Worker] INFO  Microsoft.AspNetCore.Hosting.Diagnostics - Request finished HTTP/2 GET https://localhost:44376/_vs/browserLink - - - 200 - text/javascript;+charset=UTF-8 47.4354ms
2023-05-10 17:13:47,797 [.NET ThreadPool Worker] INFO  Microsoft.AspNetCore.Hosting.Diagnostics - Request starting HTTP/2 GET https://localhost:44376/swagger/v1/swagger.json - -
2023-05-10 17:13:48,308 [.NET ThreadPool Worker] INFO  Microsoft.AspNetCore.Hosting.Diagnostics - Request finished HTTP/2 GET https://localhost:44376/swagger/v1/swagger.json - - - 200 - application/json;+charset=utf-8 510.9159ms
2023-05-10 17:13:52,095 [.NET ThreadPool Worker] INFO  Microsoft.AspNetCore.Hosting.Diagnostics - Request starting HTTP/2 GET https://localhost:44376/api/Query/TEST - -
2023-05-10 17:13:52,138 [.NET ThreadPool Worker] INFO  Microsoft.AspNetCore.Mvc.Infrastructure.ControllerActionInvoker - Route matched with {action = "Test", controller = "Events"}. Executing controller action with signature Microsoft.AspNetCore.Mvc.ActionResult Test() on controller DemoSatva.API.Controllers.EventsController (DemoSatva.API).
