2023-04-05 10:11:04,641 [.NET ThreadPool Worker] INFO  Microsoft.AspNetCore.Hosting.Diagnostics - Request starting HTTP/2 POST https://localhost:44376/v1/api/Events application/json 186
2023-04-05 10:11:04,647 [.NET ThreadPool Worker] INFO  Microsoft.AspNetCore.Cors.Infrastructure.CorsService - CORS policy execution successful.
2023-04-05 10:11:04,651 [.NET ThreadPool Worker] INFO  Microsoft.AspNetCore.Mvc.Infrastructure.ControllerActionInvoker - Route matched with {action = "Post", controller = "Events"}. Executing controller action with signature Microsoft.AspNetCore.Mvc.ActionResult Post(DemoSatva.Model.EventsModel) on controller DemoSatva.API.Controllers.EventsController (DemoSatva.API).
2023-04-05 10:11:05,172 [.NET ThreadPool Worker] INFO  Microsoft.AspNetCore.Mvc.Infrastructure.ObjectResultExecutor - Executing OkObjectResult, writing value of type 'DemoSatva.Utility.APIResponse'.
2023-04-05 10:11:05,186 [.NET ThreadPool Worker] INFO  Microsoft.AspNetCore.Mvc.Infrastructure.ControllerActionInvoker - Executed action DemoSatva.API.Controllers.EventsController.Post (DemoSatva.API) in 526.7363ms
2023-04-05 10:11:05,196 [.NET ThreadPool Worker] INFO  Microsoft.AspNetCore.Hosting.Diagnostics - Request finished HTTP/2 POST https://localhost:44376/v1/api/Events application/json 186 - 200 - application/json;+charset=utf-8 552.5341ms
2023-04-05 10:11:26,670 [.NET ThreadPool Worker] INFO  Microsoft.AspNetCore.Hosting.Diagnostics - Request starting HTTP/2 GET https://localhost:44376/v1/api/Events?page=1&itemsPerPage=100 - -
2023-04-05 10:11:26,678 [.NET ThreadPool Worker] INFO  Microsoft.AspNetCore.Mvc.Infrastructure.ControllerActionInvoker - Route matched with {action = "Get", controller = "Events"}. Executing controller action with signature Microsoft.AspNetCore.Mvc.ActionResult Get(Int32, Int32, System.String) on controller DemoSatva.API.Controllers.EventsController (DemoSatva.API).
2023-04-05 10:11:26,829 [.NET ThreadPool Worker] INFO  Microsoft.AspNetCore.Mvc.Infrastructure.ObjectResultExecutor - Executing OkObjectResult, writing value of type 'DemoSatva.Utility.APIResponse'.
2023-04-05 10:11:26,844 [.NET ThreadPool Worker] INFO  Microsoft.AspNetCore.Mvc.Infrastructure.ControllerActionInvoker - Executed action DemoSatva.API.Controllers.EventsController.Get (DemoSatva.API) in 161.7199ms
2023-04-05 10:11:26,852 [.NET ThreadPool Worker] INFO  Microsoft.AspNetCore.Hosting.Diagnostics - Request finished HTTP/2 GET https://localhost:44376/v1/api/Events?page=1&itemsPerPage=100 - - - 200 - application/json;+charset=utf-8 179.6006ms
2023-04-05 10:11:40,054 [.NET ThreadPool Worker] INFO  Microsoft.AspNetCore.Hosting.Diagnostics - Request starting HTTP/2 GET https://localhost:44376/v1/api/Events/search?searchKey=string&page=1&itemsPerPage=100 - -
2023-04-05 10:11:40,062 [.NET ThreadPool Worker] INFO  Microsoft.AspNetCore.Mvc.Infrastructure.ControllerActionInvoker - Route matched with {action = "Search", controller = "Events"}. Executing controller action with signature Microsoft.AspNetCore.Mvc.ActionResult Search(System.String, Int32, Int32, System.String) on controller DemoSatva.API.Controllers.EventsController (DemoSatva.API).
2023-04-05 10:11:40,209 [.NET ThreadPool Worker] INFO  Microsoft.AspNetCore.Mvc.Infrastructure.ObjectResultExecutor - Executing OkObjectResult, writing value of type 'DemoSatva.Utility.APIResponse'.
2023-04-05 10:11:40,220 [.NET ThreadPool Worker] INFO  Microsoft.AspNetCore.Mvc.Infrastructure.ControllerActionInvoker - Executed action DemoSatva.API.Controllers.EventsController.Search (DemoSatva.API) in 151.432ms
2023-04-05 10:11:40,230 [.NET ThreadPool Worker] INFO  Microsoft.AspNetCore.Hosting.Diagnostics - Request finished HTTP/2 GET https://localhost:44376/v1/api/Events/search?searchKey=string&page=1&itemsPerPage=100 - - - 200 - application/json;+charset=utf-8 174.4582ms
2023-04-05 10:11:44,168 [.NET ThreadPool Worker] INFO  Microsoft.AspNetCore.Hosting.Diagnostics - Request starting HTTP/2 GET https://localhost:44376/v1/api/Events/search?searchKey=stringasdasd&page=1&itemsPerPage=100 - -
2023-04-05 10:11:44,175 [.NET ThreadPool Worker] INFO  Microsoft.AspNetCore.Mvc.Infrastructure.ControllerActionInvoker - Route matched with {action = "Search", controller = "Events"}. Executing controller action with signature Microsoft.AspNetCore.Mvc.ActionResult Search(System.String, Int32, Int32, System.String) on controller DemoSatva.API.Controllers.EventsController (DemoSatva.API).
2023-04-05 10:11:44,548 [.NET ThreadPool Worker] INFO  Microsoft.AspNetCore.Mvc.Infrastructure.ObjectResultExecutor - Executing OkObjectResult, writing value of type 'DemoSatva.Utility.APIResponse'.
2023-04-05 10:11:44,554 [.NET ThreadPool Worker] INFO  Microsoft.AspNetCore.Mvc.Infrastructure.ControllerActionInvoker - Executed action DemoSatva.API.Controllers.EventsController.Search (DemoSatva.API) in 372.2431ms
2023-04-05 10:11:44,557 [.NET ThreadPool Worker] INFO  Microsoft.AspNetCore.Hosting.Diagnostics - Request finished HTTP/2 GET https://localhost:44376/v1/api/Events/search?searchKey=stringasdasd&page=1&itemsPerPage=100 - - - 200 - application/json;+charset=utf-8 390.1555ms
2023-04-05 10:11:51,183 [.NET ThreadPool Worker] INFO  Microsoft.AspNetCore.Hosting.Diagnostics - Request starting HTTP/2 GET https://localhost:44376/v1/api/Events/1 - -
2023-04-05 10:11:51,192 [.NET ThreadPool Worker] INFO  Microsoft.AspNetCore.Mvc.Infrastructure.ControllerActionInvoker - Route matched with {action = "GetById", controller = "Events"}. Executing controller action with signature Microsoft.AspNetCore.Mvc.ActionResult GetById(Int32) on controller DemoSatva.API.Controllers.EventsController (DemoSatva.API).
2023-04-05 10:11:51,294 [.NET ThreadPool Worker] INFO  Microsoft.AspNetCore.Mvc.Infrastructure.ObjectResultExecutor - Executing OkObjectResult, writing value of type 'DemoSatva.Utility.APIResponse'.
2023-04-05 10:11:51,303 [.NET ThreadPool Worker] INFO  Microsoft.AspNetCore.Mvc.Infrastructure.ControllerActionInvoker - Executed action DemoSatva.API.Controllers.EventsController.GetById (DemoSatva.API) in 105.4246ms
2023-04-05 10:11:51,311 [.NET ThreadPool Worker] INFO  Microsoft.AspNetCore.Hosting.Diagnostics - Request finished HTTP/2 GET https://localhost:44376/v1/api/Events/1 - - - 200 - application/json;+charset=utf-8 128.5838ms
2023-04-05 10:11:54,361 [.NET ThreadPool Worker] INFO  Microsoft.AspNetCore.Hosting.Diagnostics - Request starting HTTP/2 GET https://localhost:44376/v1/api/Events/2 - -
2023-04-05 10:11:54,366 [.NET ThreadPool Worker] INFO  Microsoft.AspNetCore.Mvc.Infrastructure.ControllerActionInvoker - Route matched with {action = "GetById", controller = "Events"}. Executing controller action with signature Microsoft.AspNetCore.Mvc.ActionResult GetById(Int32) on controller DemoSatva.API.Controllers.EventsController (DemoSatva.API).
2023-04-05 10:11:54,432 [.NET ThreadPool Worker] INFO  Microsoft.AspNetCore.Mvc.Infrastructure.ObjectResultExecutor - Executing OkObjectResult, writing value of type 'DemoSatva.Utility.APIResponse'.
2023-04-05 10:11:54,444 [.NET ThreadPool Worker] INFO  Microsoft.AspNetCore.Mvc.Infrastructure.ControllerActionInvoker - Executed action DemoSatva.API.Controllers.EventsController.GetById (DemoSatva.API) in 70.639ms
2023-04-05 10:11:54,455 [.NET ThreadPool Worker] INFO  Microsoft.AspNetCore.Hosting.Diagnostics - Request finished HTTP/2 GET https://localhost:44376/v1/api/Events/2 - - - 200 - application/json;+charset=utf-8 91.0869ms
