2023-05-10 16:06:05,128 [.NET ThreadPool Worker] INFO  Microsoft.AspNetCore.Hosting.Diagnostics - Request starting HTTP/2 GET https://localhost:44376/api/Query/TEST - -
2023-05-10 16:06:05,170 [.NET ThreadPool Worker] INFO  Microsoft.AspNetCore.Mvc.Infrastructure.ControllerActionInvoker - Route matched with {action = "Test", controller = "Events"}. Executing controller action with signature Microsoft.AspNetCore.Mvc.ActionResult Test() on controller DemoSatva.API.Controllers.EventsController (DemoSatva.API).
2023-05-10 16:06:05,864 [.NET ThreadPool Worker] INFO  Microsoft.AspNetCore.Mvc.Infrastructure.ObjectResultExecutor - Executing ObjectResult, writing value of type 'DemoSatva.Utility.APIResponse'.
2023-05-10 16:06:05,900 [.NET ThreadPool Worker] INFO  Microsoft.AspNetCore.Mvc.Infrastructure.ControllerActionInvoker - Executed action DemoSatva.API.Controllers.EventsController.Test (DemoSatva.API) in 718.5187ms
2023-05-10 16:06:05,914 [.NET ThreadPool Worker] INFO  Microsoft.AspNetCore.Hosting.Diagnostics - Request finished HTTP/2 GET https://localhost:44376/api/Query/TEST - - - 500 - application/json;+charset=utf-8 785.6491ms
2023-05-10 16:06:23,844 [.NET ThreadPool Worker] INFO  Microsoft.AspNetCore.Hosting.Diagnostics - Request starting HTTP/2 GET https://localhost:44376/api/Query/TEST - -
2023-05-10 16:06:23,851 [.NET ThreadPool Worker] INFO  Microsoft.AspNetCore.Mvc.Infrastructure.ControllerActionInvoker - Route matched with {action = "Test", controller = "Events"}. Executing controller action with signature Microsoft.AspNetCore.Mvc.ActionResult Test() on controller DemoSatva.API.Controllers.EventsController (DemoSatva.API).
2023-05-10 16:06:23,923 [.NET ThreadPool Worker] INFO  Microsoft.AspNetCore.Mvc.Infrastructure.ObjectResultExecutor - Executing ObjectResult, writing value of type 'DemoSatva.Utility.APIResponse'.
2023-05-10 16:06:23,932 [.NET ThreadPool Worker] INFO  Microsoft.AspNetCore.Mvc.Infrastructure.ControllerActionInvoker - Executed action DemoSatva.API.Controllers.EventsController.Test (DemoSatva.API) in 72.3467ms
2023-05-10 16:06:23,939 [.NET ThreadPool Worker] INFO  Microsoft.AspNetCore.Hosting.Diagnostics - Request finished HTTP/2 GET https://localhost:44376/api/Query/TEST - - - 500 - application/json;+charset=utf-8 93.9787ms
2023-05-10 16:06:25,447 [.NET ThreadPool Worker] INFO  Microsoft.AspNetCore.Hosting.Diagnostics - Request starting HTTP/2 GET https://localhost:44376/api/Query/TEST - -
2023-05-10 16:06:25,458 [.NET ThreadPool Worker] INFO  Microsoft.AspNetCore.Mvc.Infrastructure.ControllerActionInvoker - Route matched with {action = "Test", controller = "Events"}. Executing controller action with signature Microsoft.AspNetCore.Mvc.ActionResult Test() on controller DemoSatva.API.Controllers.EventsController (DemoSatva.API).
2023-05-10 16:06:25,536 [.NET ThreadPool Worker] INFO  Microsoft.AspNetCore.Mvc.Infrastructure.ObjectResultExecutor - Executing ObjectResult, writing value of type 'DemoSatva.Utility.APIResponse'.
2023-05-10 16:06:25,541 [.NET ThreadPool Worker] INFO  Microsoft.AspNetCore.Mvc.Infrastructure.ControllerActionInvoker - Executed action DemoSatva.API.Controllers.EventsController.Test (DemoSatva.API) in 75.0147ms
2023-05-10 16:06:25,547 [.NET ThreadPool Worker] INFO  Microsoft.AspNetCore.Hosting.Diagnostics - Request finished HTTP/2 GET https://localhost:44376/api/Query/TEST - - - 500 - application/json;+charset=utf-8 100.4769ms
2023-05-10 16:06:26,167 [.NET ThreadPool Worker] INFO  Microsoft.AspNetCore.Hosting.Diagnostics - Request starting HTTP/2 GET https://localhost:44376/api/Query/TEST - -
2023-05-10 16:06:26,174 [.NET ThreadPool Worker] INFO  Microsoft.AspNetCore.Mvc.Infrastructure.ControllerActionInvoker - Route matched with {action = "Test", controller = "Events"}. Executing controller action with signature Microsoft.AspNetCore.Mvc.ActionResult Test() on controller DemoSatva.API.Controllers.EventsController (DemoSatva.API).
2023-05-10 16:06:26,209 [.NET ThreadPool Worker] INFO  Microsoft.AspNetCore.Mvc.Infrastructure.ObjectResultExecutor - Executing ObjectResult, writing value of type 'DemoSatva.Utility.APIResponse'.
2023-05-10 16:06:26,213 [.NET ThreadPool Worker] INFO  Microsoft.AspNetCore.Mvc.Infrastructure.ControllerActionInvoker - Executed action DemoSatva.API.Controllers.EventsController.Test (DemoSatva.API) in 34.8609ms
2023-05-10 16:06:26,216 [.NET ThreadPool Worker] INFO  Microsoft.AspNetCore.Hosting.Diagnostics - Request finished HTTP/2 GET https://localhost:44376/api/Query/TEST - - - 500 - application/json;+charset=utf-8 49.6092ms
2023-05-10 16:06:27,169 [.NET ThreadPool Worker] INFO  Microsoft.AspNetCore.Hosting.Diagnostics - Request starting HTTP/2 GET https://localhost:44376/api/Query/TEST - -
2023-05-10 16:06:27,178 [.NET ThreadPool Worker] INFO  Microsoft.AspNetCore.Mvc.Infrastructure.ControllerActionInvoker - Route matched with {action = "Test", controller = "Events"}. Executing controller action with signature Microsoft.AspNetCore.Mvc.ActionResult Test() on controller DemoSatva.API.Controllers.EventsController (DemoSatva.API).
2023-05-10 16:06:27,218 [.NET ThreadPool Worker] INFO  Microsoft.AspNetCore.Mvc.Infrastructure.ObjectResultExecutor - Executing ObjectResult, writing value of type 'DemoSatva.Utility.APIResponse'.
2023-05-10 16:06:27,225 [.NET ThreadPool Worker] INFO  Microsoft.AspNetCore.Mvc.Infrastructure.ControllerActionInvoker - Executed action DemoSatva.API.Controllers.EventsController.Test (DemoSatva.API) in 40.7457ms
2023-05-10 16:06:27,232 [.NET ThreadPool Worker] INFO  Microsoft.AspNetCore.Hosting.Diagnostics - Request finished HTTP/2 GET https://localhost:44376/api/Query/TEST - - - 500 - application/json;+charset=utf-8 62.8824ms
2023-05-10 16:06:35,637 [.NET ThreadPool Worker] INFO  Microsoft.AspNetCore.Hosting.Diagnostics - Request starting HTTP/2 GET https://localhost:44376/api/Query/TEST - -
2023-05-10 16:06:35,643 [.NET ThreadPool Worker] INFO  Microsoft.AspNetCore.Mvc.Infrastructure.ControllerActionInvoker - Route matched with {action = "Test", controller = "Events"}. Executing controller action with signature Microsoft.AspNetCore.Mvc.ActionResult Test() on controller DemoSatva.API.Controllers.EventsController (DemoSatva.API).
2023-05-10 16:06:35,731 [.NET ThreadPool Worker] INFO  Microsoft.AspNetCore.Mvc.Infrastructure.ObjectResultExecutor - Executing ObjectResult, writing value of type 'DemoSatva.Utility.APIResponse'.
2023-05-10 16:06:35,739 [.NET ThreadPool Worker] INFO  Microsoft.AspNetCore.Mvc.Infrastructure.ControllerActionInvoker - Executed action DemoSatva.API.Controllers.EventsController.Test (DemoSatva.API) in 90.3004ms
2023-05-10 16:06:35,748 [.NET ThreadPool Worker] INFO  Microsoft.AspNetCore.Hosting.Diagnostics - Request finished HTTP/2 GET https://localhost:44376/api/Query/TEST - - - 500 - application/json;+charset=utf-8 109.4049ms
2023-05-10 16:06:36,706 [.NET ThreadPool Worker] INFO  Microsoft.AspNetCore.Hosting.Diagnostics - Request starting HTTP/2 GET https://localhost:44376/api/Query/TEST - -
2023-05-10 16:06:36,711 [.NET ThreadPool Worker] INFO  Microsoft.AspNetCore.Mvc.Infrastructure.ControllerActionInvoker - Route matched with {action = "Test", controller = "Events"}. Executing controller action with signature Microsoft.AspNetCore.Mvc.ActionResult Test() on controller DemoSatva.API.Controllers.EventsController (DemoSatva.API).
2023-05-10 16:06:36,800 [.NET ThreadPool Worker] INFO  Microsoft.AspNetCore.Mvc.Infrastructure.ObjectResultExecutor - Executing ObjectResult, writing value of type 'DemoSatva.Utility.APIResponse'.
2023-05-10 16:06:36,809 [.NET ThreadPool Worker] INFO  Microsoft.AspNetCore.Mvc.Infrastructure.ControllerActionInvoker - Executed action DemoSatva.API.Controllers.EventsController.Test (DemoSatva.API) in 92.3084ms
2023-05-10 16:06:36,818 [.NET ThreadPool Worker] INFO  Microsoft.AspNetCore.Hosting.Diagnostics - Request finished HTTP/2 GET https://localhost:44376/api/Query/TEST - - - 500 - application/json;+charset=utf-8 110.2195ms
2023-05-10 16:06:36,900 [.NET ThreadPool Worker] INFO  Microsoft.AspNetCore.Hosting.Diagnostics - Request starting HTTP/2 GET https://localhost:44376/api/Query/TEST - -
2023-05-10 16:06:36,908 [.NET ThreadPool Worker] INFO  Microsoft.AspNetCore.Mvc.Infrastructure.ControllerActionInvoker - Route matched with {action = "Test", controller = "Events"}. Executing controller action with signature Microsoft.AspNetCore.Mvc.ActionResult Test() on controller DemoSatva.API.Controllers.EventsController (DemoSatva.API).
2023-05-10 16:06:36,989 [.NET ThreadPool Worker] INFO  Microsoft.AspNetCore.Mvc.Infrastructure.ObjectResultExecutor - Executing ObjectResult, writing value of type 'DemoSatva.Utility.APIResponse'.
2023-05-10 16:06:36,997 [.NET ThreadPool Worker] INFO  Microsoft.AspNetCore.Mvc.Infrastructure.ControllerActionInvoker - Executed action DemoSatva.API.Controllers.EventsController.Test (DemoSatva.API) in 82.8995ms
2023-05-10 16:06:37,005 [.NET ThreadPool Worker] INFO  Microsoft.AspNetCore.Hosting.Diagnostics - Request finished HTTP/2 GET https://localhost:44376/api/Query/TEST - - - 500 - application/json;+charset=utf-8 106.9320ms
2023-05-10 16:06:37,068 [.NET ThreadPool Worker] INFO  Microsoft.AspNetCore.Hosting.Diagnostics - Request starting HTTP/2 GET https://localhost:44376/api/Query/TEST - -
2023-05-10 16:06:37,073 [.NET ThreadPool Worker] INFO  Microsoft.AspNetCore.Mvc.Infrastructure.ControllerActionInvoker - Route matched with {action = "Test", controller = "Events"}. Executing controller action with signature Microsoft.AspNetCore.Mvc.ActionResult Test() on controller DemoSatva.API.Controllers.EventsController (DemoSatva.API).
2023-05-10 16:06:37,159 [.NET ThreadPool Worker] INFO  Microsoft.AspNetCore.Mvc.Infrastructure.ObjectResultExecutor - Executing ObjectResult, writing value of type 'DemoSatva.Utility.APIResponse'.
2023-05-10 16:06:37,168 [.NET ThreadPool Worker] INFO  Microsoft.AspNetCore.Mvc.Infrastructure.ControllerActionInvoker - Executed action DemoSatva.API.Controllers.EventsController.Test (DemoSatva.API) in 88.9565ms
2023-05-10 16:06:37,176 [.NET ThreadPool Worker] INFO  Microsoft.AspNetCore.Hosting.Diagnostics - Request finished HTTP/2 GET https://localhost:44376/api/Query/TEST - - - 500 - application/json;+charset=utf-8 106.2792ms
2023-05-10 16:06:37,265 [.NET ThreadPool Worker] INFO  Microsoft.AspNetCore.Hosting.Diagnostics - Request starting HTTP/2 GET https://localhost:44376/api/Query/TEST - -
2023-05-10 16:06:37,275 [.NET ThreadPool Worker] INFO  Microsoft.AspNetCore.Mvc.Infrastructure.ControllerActionInvoker - Route matched with {action = "Test", controller = "Events"}. Executing controller action with signature Microsoft.AspNetCore.Mvc.ActionResult Test() on controller DemoSatva.API.Controllers.EventsController (DemoSatva.API).
2023-05-10 16:06:37,349 [.NET ThreadPool Worker] INFO  Microsoft.AspNetCore.Mvc.Infrastructure.ObjectResultExecutor - Executing ObjectResult, writing value of type 'DemoSatva.Utility.APIResponse'.
2023-05-10 16:06:37,358 [.NET ThreadPool Worker] INFO  Microsoft.AspNetCore.Mvc.Infrastructure.ControllerActionInvoker - Executed action DemoSatva.API.Controllers.EventsController.Test (DemoSatva.API) in 75.9082ms
2023-05-10 16:06:37,367 [.NET ThreadPool Worker] INFO  Microsoft.AspNetCore.Hosting.Diagnostics - Request finished HTTP/2 GET https://localhost:44376/api/Query/TEST - - - 500 - application/json;+charset=utf-8 101.6388ms
2023-05-10 16:06:37,411 [.NET ThreadPool Worker] INFO  Microsoft.AspNetCore.Hosting.Diagnostics - Request starting HTTP/2 GET https://localhost:44376/api/Query/TEST - -
2023-05-10 16:06:37,415 [.NET ThreadPool Worker] INFO  Microsoft.AspNetCore.Mvc.Infrastructure.ControllerActionInvoker - Route matched with {action = "Test", controller = "Events"}. Executing controller action with signature Microsoft.AspNetCore.Mvc.ActionResult Test() on controller DemoSatva.API.Controllers.EventsController (DemoSatva.API).
2023-05-10 16:06:37,483 [.NET ThreadPool Worker] INFO  Microsoft.AspNetCore.Mvc.Infrastructure.ObjectResultExecutor - Executing ObjectResult, writing value of type 'DemoSatva.Utility.APIResponse'.
2023-05-10 16:06:37,489 [.NET ThreadPool Worker] INFO  Microsoft.AspNetCore.Mvc.Infrastructure.ControllerActionInvoker - Executed action DemoSatva.API.Controllers.EventsController.Test (DemoSatva.API) in 68.4716ms
2023-05-10 16:06:37,493 [.NET ThreadPool Worker] INFO  Microsoft.AspNetCore.Hosting.Diagnostics - Request finished HTTP/2 GET https://localhost:44376/api/Query/TEST - - - 500 - application/json;+charset=utf-8 83.7142ms
2023-05-10 16:06:37,605 [.NET ThreadPool Worker] INFO  Microsoft.AspNetCore.Hosting.Diagnostics - Request starting HTTP/2 GET https://localhost:44376/api/Query/TEST - -
2023-05-10 16:06:37,610 [.NET ThreadPool Worker] INFO  Microsoft.AspNetCore.Mvc.Infrastructure.ControllerActionInvoker - Route matched with {action = "Test", controller = "Events"}. Executing controller action with signature Microsoft.AspNetCore.Mvc.ActionResult Test() on controller DemoSatva.API.Controllers.EventsController (DemoSatva.API).
2023-05-10 16:06:37,723 [.NET ThreadPool Worker] INFO  Microsoft.AspNetCore.Mvc.Infrastructure.ObjectResultExecutor - Executing ObjectResult, writing value of type 'DemoSatva.Utility.APIResponse'.
2023-05-10 16:06:37,728 [.NET ThreadPool Worker] INFO  Microsoft.AspNetCore.Mvc.Infrastructure.ControllerActionInvoker - Executed action DemoSatva.API.Controllers.EventsController.Test (DemoSatva.API) in 114.1443ms
2023-05-10 16:06:37,732 [.NET ThreadPool Worker] INFO  Microsoft.AspNetCore.Hosting.Diagnostics - Request finished HTTP/2 GET https://localhost:44376/api/Query/TEST - - - 500 - application/json;+charset=utf-8 128.8365ms
2023-05-10 16:06:37,767 [.NET ThreadPool Worker] INFO  Microsoft.AspNetCore.Hosting.Diagnostics - Request starting HTTP/2 GET https://localhost:44376/api/Query/TEST - -
2023-05-10 16:06:37,772 [.NET ThreadPool Worker] INFO  Microsoft.AspNetCore.Mvc.Infrastructure.ControllerActionInvoker - Route matched with {action = "Test", controller = "Events"}. Executing controller action with signature Microsoft.AspNetCore.Mvc.ActionResult Test() on controller DemoSatva.API.Controllers.EventsController (DemoSatva.API).
2023-05-10 16:06:37,837 [.NET ThreadPool Worker] INFO  Microsoft.AspNetCore.Mvc.Infrastructure.ObjectResultExecutor - Executing ObjectResult, writing value of type 'DemoSatva.Utility.APIResponse'.
2023-05-10 16:06:37,845 [.NET ThreadPool Worker] INFO  Microsoft.AspNetCore.Mvc.Infrastructure.ControllerActionInvoker - Executed action DemoSatva.API.Controllers.EventsController.Test (DemoSatva.API) in 67.2508ms
2023-05-10 16:06:37,852 [.NET ThreadPool Worker] INFO  Microsoft.AspNetCore.Hosting.Diagnostics - Request finished HTTP/2 GET https://localhost:44376/api/Query/TEST - - - 500 - application/json;+charset=utf-8 83.2128ms
