2023-04-05 17:42:36,034 [1] INFO  Microsoft.AspNetCore.DataProtection.KeyManagement.XmlKeyManager - User profile is available. Using 'C:\Users\chint\AppData\Local\ASP.NET\DataProtection-Keys' as key repository and Windows DPAPI to encrypt keys at rest.
2023-04-05 17:42:36,375 [.NET ThreadPool Worker] INFO  Microsoft.AspNetCore.Hosting.Diagnostics - Request starting HTTP/2 GET https://localhost:44376/swagger - -
2023-04-05 17:42:36,821 [.NET ThreadPool Worker] INFO  Microsoft.AspNetCore.Hosting.Diagnostics - Request starting HTTP/2 GET https://localhost:44376/swagger/index.html - -
2023-04-05 17:42:36,907 [.NET ThreadPool Worker] INFO  Microsoft.AspNetCore.Hosting.Diagnostics - Request finished HTTP/2 GET https://localhost:44376/swagger - - - 302 - - 534.8951ms
2023-04-05 17:42:37,707 [7] INFO  Microsoft.AspNetCore.Hosting.Diagnostics - Request finished HTTP/2 GET https://localhost:44376/swagger/index.html - - - 200 - text/html;+charset=utf-8 868.9481ms
2023-04-05 17:42:37,767 [.NET ThreadPool Worker] INFO  Microsoft.AspNetCore.Hosting.Diagnostics - Request starting HTTP/2 GET https://localhost:44376/_framework/aspnetcore-browser-refresh.js - -
2023-04-05 17:42:37,775 [.NET ThreadPool Worker] INFO  Microsoft.AspNetCore.Hosting.Diagnostics - Request starting HTTP/2 GET https://localhost:44376/_vs/browserLink - -
2023-04-05 17:42:37,803 [.NET ThreadPool Worker] INFO  Microsoft.AspNetCore.Hosting.Diagnostics - Request finished HTTP/2 GET https://localhost:44376/_framework/aspnetcore-browser-refresh.js - - - 200 11996 application/javascript;+charset=utf-8 29.6317ms
2023-04-05 17:42:37,880 [.NET ThreadPool Worker] INFO  Microsoft.AspNetCore.Hosting.Diagnostics - Request finished HTTP/2 GET https://localhost:44376/_vs/browserLink - - - 200 - text/javascript;+charset=UTF-8 104.6811ms
2023-04-05 17:42:38,229 [.NET ThreadPool Worker] INFO  Microsoft.AspNetCore.Hosting.Diagnostics - Request starting HTTP/2 GET https://localhost:44376/swagger/v1/swagger.json - -
2023-04-05 17:42:40,055 [.NET ThreadPool Worker] INFO  Microsoft.AspNetCore.Hosting.Diagnostics - Request finished HTTP/2 GET https://localhost:44376/swagger/v1/swagger.json - - - 200 - application/json;+charset=utf-8 1821.6029ms
2023-04-05 17:42:43,081 [.NET ThreadPool Worker] INFO  Microsoft.AspNetCore.Hosting.Diagnostics - Request starting HTTP/1.1 GET https://localhost:44376/v1/api/Events?page=1&itemsPerPage=100 - -
2023-04-05 17:42:43,202 [.NET ThreadPool Worker] INFO  Microsoft.AspNetCore.Mvc.Infrastructure.ControllerActionInvoker - Route matched with {action = "Get", controller = "Events"}. Executing controller action with signature Microsoft.AspNetCore.Mvc.ActionResult Get(Int32, Int32, System.String) on controller DemoSatva.API.Controllers.EventsController (DemoSatva.API).
2023-04-05 17:42:43,235 [.NET ThreadPool Worker] INFO  Microsoft.AspNetCore.Authorization.DefaultAuthorizationService - Authorization failed. These requirements were not met:
DenyAnonymousAuthorizationRequirement: Requires an authenticated user.
2023-04-05 17:42:43,249 [.NET ThreadPool Worker] INFO  Microsoft.AspNetCore.Mvc.Infrastructure.ControllerActionInvoker - Authorization failed for the request at filter 'Microsoft.AspNetCore.Mvc.Authorization.AuthorizeFilter'.
2023-04-05 17:42:43,264 [.NET ThreadPool Worker] INFO  Microsoft.AspNetCore.Mvc.ChallengeResult - Executing ChallengeResult with authentication schemes ().
2023-04-05 17:42:43,288 [.NET ThreadPool Worker] INFO  Microsoft.AspNetCore.Authentication.JwtBearer.JwtBearerHandler - AuthenticationScheme: Bearer was challenged.
2023-04-05 17:42:43,315 [.NET ThreadPool Worker] INFO  Microsoft.AspNetCore.Mvc.Infrastructure.ControllerActionInvoker - Executed action DemoSatva.API.Controllers.EventsController.Get (DemoSatva.API) in 85.9056ms
2023-04-05 17:42:43,326 [.NET ThreadPool Worker] INFO  Microsoft.AspNetCore.Hosting.Diagnostics - Request finished HTTP/1.1 GET https://localhost:44376/v1/api/Events?page=1&itemsPerPage=100 - - - 401 - - 245.0656ms
